<?xml version="1.0" encoding="UTF-8"?>
<testng-results skipped="0" failed="0" ignored="0" total="1" passed="1">
  <reporter-output>
  </reporter-output>
  <suite name="Default suite" duration-ms="65888" started-at="2020-05-23T17:30:23 WET" finished-at="2020-05-23T17:31:29 WET">
    <groups>
    </groups>
    <test name="Default test" duration-ms="65888" started-at="2020-05-23T17:30:23 WET" finished-at="2020-05-23T17:31:29 WET">
      <class name="sample2.ajout">
        <test-method status="PASS" signature="Adding()[pri:0, instance:sample2.ajout@4bbfb90a]" name="Adding" duration-ms="65804" started-at="2020-05-23T17:30:23 WET" finished-at="2020-05-23T17:31:29 WET">
          <reporter-output>
          </reporter-output>
        </test-method> <!-- Adding -->
      </class> <!-- sample2.ajout -->
    </test> <!-- Default test -->
  </suite> <!-- Default suite -->
</testng-results>
